<?xml version="1.0" encoding="UTF-8"?>
<!-- Generated by org.testng.reporters.JUnitReportReporter -->
<testsuite hostname="RamMohan-QA" name="com.vivasa.qa.rest.automation.test.Cello" tests="3" failures="0" timestamp="7 Feb 2019 07:02:13 GMT" time="1.466" errors="0">
  <testcase name="deleteCardById" time="0.263" classname="com.vivasa.qa.rest.automation.test.Cello"/>
  <testcase name="getAllStudents" time="0.929" classname="com.vivasa.qa.rest.automation.test.Cello"/>
  <testcase name="getCardById" time="0.274" classname="com.vivasa.qa.rest.automation.test.Cello"/>
</testsuite> <!-- com.vivasa.qa.rest.automation.test.Cello -->
